keyword int
identifier main
operator (
keyword void
operator )
operator {
keyword int
identifier i
operator ,
identifier n
operator ,
identifier sum
operator ;
identifier i
operator =
octal 0
operator ;
identifier sum
operator =
octal 0
operator ;
identifier n
operator =
decimal 10
operator ;
keyword while
operator (
identifier i
operator <=
identifier n
operator )
operator {
identifier sum
operator =
identifier sum
operator +
identifier i
operator ;
identifier i
operator =
identifier i
operator +
decimal 1
operator ;
operator }
identifier printf
operator (
string "%d %d\n"
operator ,
identifier sum
operator ,
identifier n
operator *
operator (
identifier n
operator +
decimal 1
operator )
operator /
decimal 2
operator )
operator ;
operator }
